[16:37:01] [main/INFO] [com.velocitypowered.proxy.VelocityServer]: Booting up Velocity 3.4.0-SNAPSHOT (git-965db127-b454)...
[16:37:01] [main/INFO] [com.velocitypowered.proxy.VelocityServer]: Loading localizations...
[16:37:03] [main/INFO] [com.velocitypowered.proxy.network.ConnectionManager]: Connections will use epoll channels, libdeflate (Linux x86_64) compression, OpenSSL 1.1.x (Linux x86_64) ciphers
[16:37:03] [main/WARN] [com.velocitypowered.proxy.config.VelocityConfiguration]: The proxy is running in offline mode! This is a security risk and you will NOT receive any support!
[16:37:03] [main/WARN] [com.velocitypowered.proxy.config.VelocityConfiguration]: Player info forwarding is disabled! All players will appear to be connecting from the proxy and will have offline-mode UUIDs.
[16:37:03] [main/INFO] [com.velocitypowered.proxy.VelocityServer]: Loading plugins...
[16:37:04] [main/ERROR] [com.velocitypowered.proxy.console.VelocityConsole]: :>:>:>:>:>:>:>:>:>:>:>:>:>:>:>:>:>:>:>:>:>:>:>
[16:37:04] [main/ERROR] [com.velocitypowered.proxy.console.VelocityConsole]: :>  
[16:37:04] [main/ERROR] [com.velocitypowered.proxy.console.VelocityConsole]: :>      EAGLERCRAFTXVELOCITY WARNING:
[16:37:04] [main/ERROR] [com.velocitypowered.proxy.console.VelocityConsole]: :>  
[16:37:04] [main/ERROR] [com.velocitypowered.proxy.console.VelocityConsole]: :>  This plugin wasn't tested to be 'working'
[16:37:04] [main/ERROR] [com.velocitypowered.proxy.console.VelocityConsole]: :>  with ANY version of Velocity (and forks)
[16:37:04] [main/ERROR] [com.velocitypowered.proxy.console.VelocityConsole]: :>  apart from the versions listed below:
[16:37:04] [main/ERROR] [com.velocitypowered.proxy.console.VelocityConsole]: :>  
[16:37:04] [main/ERROR] [com.velocitypowered.proxy.console.VelocityConsole]: :>  - Velocity: 3.4.0-SNAPSHOT:a33f2d1a:b452
[16:37:04] [main/ERROR] [com.velocitypowered.proxy.console.VelocityConsole]: :>  
[16:37:04] [main/ERROR] [com.velocitypowered.proxy.console.VelocityConsole]: :>  This is not a Bukkit/Spigot plugin!
[16:37:04] [main/ERROR] [com.velocitypowered.proxy.console.VelocityConsole]: :>  
[16:37:04] [main/ERROR] [com.velocitypowered.proxy.console.VelocityConsole]: :>  Use "-Deaglerxvelocity.stfu=true" to hide
[16:37:04] [main/ERROR] [com.velocitypowered.proxy.console.VelocityConsole]: :>  
[16:37:04] [main/ERROR] [com.velocitypowered.proxy.console.VelocityConsole]: :>:>:>:>:>:>:>:>:>:>:>:>:>:>:>:>:>:>:>:>:>:>:>
[16:37:04] [main/INFO] [com.velocitypowered.proxy.plugin.VelocityPluginManager]: Loaded plugin eaglerxvelocity 1.1.5 by lax1dude, ayunami2000
[16:37:04] [main/INFO] [com.velocitypowered.proxy.VelocityServer]: Loaded 2 plugins
[16:37:04] [EaglercraftXVelocity - Task Executor #0/WARN] [eaglerxvelocity]: This plugin is still in development, certain features may not be functional!
[16:37:04] [EaglercraftXVelocity - Task Executor #0/WARN] [eaglerxvelocity]: Not recommended for public servers yet, please check for updates
[16:37:06] [EaglercraftXVelocity - Task Executor #0/INFO] [eaglerxvelocity]: Loading vanilla profile: lax1dude
[16:37:09] [Netty epoll Worker #1/INFO] [eaglerxvelocity]: Loaded vanilla profile: lax1dude
[16:37:09] [EaglercraftXVelocity - Task Executor #0/ERROR] [eaglerxvelocity]: Online mode is set to false! Authentication system has been disabled
[16:37:09] [Netty epoll Boss #0/INFO] [eaglerxvelocity]: Eaglercraft is listening on: /0.0.0.0:8081
[16:37:10] [EaglercraftXVelocity - Task Executor #0/INFO] [eaglerxvelocity]: Connected to database: jdbc:sqlite:eaglercraft_skins_cache.db
[16:37:10] [EaglercraftXVelocity - Task Executor #0/INFO] [eaglerxvelocity]: Voice chat disabled, add "allow_voice: true" to your listeners to enable
[16:37:10] [Netty epoll Boss #1/INFO] [com.velocitypowered.proxy.network.ConnectionManager]: Listening on /[0:0:0:0:0:0:0:0]:25577
[16:37:10] [EaglerXVelocity: Update Service Tasks/INFO] [eaglerxvelocity]: Loaded certificate: /workspaces/EaglerServer-1.12/bungee/plugins/eaglerxvelocity/eagcert/$dl.ac3aaed1273ced06ef766ab055337fbf29dc3347.cert
[16:37:10] [EaglerXVelocity: Update Service Tasks/INFO] [eaglerxvelocity]: Loaded certificate: /workspaces/EaglerServer-1.12/bungee/plugins/eaglerxvelocity/eagcert/$dl.ba375b9add3c01ca11899be958188189a3885a59.cert
[16:37:11] [main/INFO] [com.velocitypowered.proxy.Velocity]: Done (11.03s)!
[16:37:15] [Netty epoll Worker #0/WARN] [eaglerxvelocity]: Server icon is not a file: /workspaces/EaglerServer-1.12/bungee/server-icon.png
[16:37:17] [Netty epoll Worker #1/INFO] [eaglerxvelocity]: [/[0:0:0:0:0:0:0:1]:54552]: Connected via websocket
[16:37:17] [Netty epoll Worker #1/INFO] [eaglerxvelocity]: [/[0:0:0:0:0:0:0:1]:54552]: Origin header is https://devjakob.webs.vc
[16:37:17] [Netty epoll Worker #1/INFO] [eaglerxvelocity]: [connected player] Timothy_speed (/[0:0:0:0:0:0:0:1]:54552) has connected
[16:37:17] [Netty epoll Worker #1/INFO] [com.velocitypowered.proxy.connection.MinecraftConnection]: [server connection] Timothy_speed -> lobby has connected
[16:37:21] [Netty epoll Worker #3/INFO] [eaglerxvelocity]: [/[0:0:0:0:0:0:0:1]:54220]: Connected via websocket
[16:37:21] [Netty epoll Worker #3/INFO] [eaglerxvelocity]: [/[0:0:0:0:0:0:0:1]:54220]: Origin header is https://devjakob.webs.vc
[16:37:21] [Netty epoll Worker #3/INFO] [eaglerxvelocity]: [connected player] Nightmare___ (/[0:0:0:0:0:0:0:1]:54220) has connected
[16:37:21] [Netty epoll Worker #3/INFO] [com.velocitypowered.proxy.connection.MinecraftConnection]: [server connection] Nightmare___ -> lobby has connected
[16:37:25] [Netty epoll Worker #1/INFO] [com.velocitypowered.proxy.connection.MinecraftConnection]: [connected player] Timothy_speed (/[0:0:0:0:0:0:0:1]:54552) has disconnected
[16:37:25] [Netty epoll Worker #1/INFO] [com.velocitypowered.proxy.connection.MinecraftConnection]: [server connection] Timothy_speed -> lobby has disconnected
[16:37:26] [Netty epoll Worker #0/INFO] [eaglerxvelocity]: [/[0:0:0:0:0:0:0:1]:54232]: Connected via websocket
[16:37:26] [Netty epoll Worker #0/INFO] [eaglerxvelocity]: [/[0:0:0:0:0:0:0:1]:54232]: Origin header is https://devjakob.webs.vc
[16:37:26] [Netty epoll Worker #0/INFO] [eaglerxvelocity]: [connected player] Timothy_speed (/[0:0:0:0:0:0:0:1]:54232) has connected
[16:37:26] [Netty epoll Worker #0/INFO] [com.velocitypowered.proxy.connection.MinecraftConnection]: [server connection] Timothy_speed -> lobby has connected
[16:38:49] [Netty epoll Worker #0/INFO] [com.velocitypowered.proxy.connection.MinecraftConnection]: [connected player] Timothy_speed (/[0:0:0:0:0:0:0:1]:54232) has disconnected
[16:38:49] [Netty epoll Worker #0/INFO] [com.velocitypowered.proxy.connection.MinecraftConnection]: [server connection] Timothy_speed -> lobby has disconnected
[16:38:54] [Netty epoll Worker #3/INFO] [eaglerxvelocity]: [/[0:0:0:0:0:0:0:1]:39050]: Connected via websocket
[16:38:54] [Netty epoll Worker #3/INFO] [eaglerxvelocity]: [/[0:0:0:0:0:0:0:1]:39050]: Origin header is https://devjakob.webs.vc
[16:38:54] [Netty epoll Worker #3/INFO] [eaglerxvelocity]: [connected player] MurkeyH2O (/[0:0:0:0:0:0:0:1]:39050) has connected
[16:38:54] [Netty epoll Worker #3/INFO] [com.velocitypowered.proxy.connection.MinecraftConnection]: [server connection] MurkeyH2O -> lobby has connected
[16:39:05] [Netty epoll Worker #0/INFO] [eaglerxvelocity]: [/[0:0:0:0:0:0:0:1]:33242]: Connected via websocket
[16:39:05] [Netty epoll Worker #0/INFO] [eaglerxvelocity]: [/[0:0:0:0:0:0:0:1]:33242]: Origin header is https://devjakob.webs.vc
[16:39:05] [Netty epoll Worker #0/INFO] [eaglerxvelocity]: [connected player] Timothy_speed (/[0:0:0:0:0:0:0:1]:33242) has connected
[16:39:05] [Netty epoll Worker #0/INFO] [com.velocitypowered.proxy.connection.MinecraftConnection]: [server connection] Timothy_speed -> lobby has connected
[16:39:18] [Netty epoll Worker #2/INFO] [eaglerxvelocity]: [/[0:0:0:0:0:0:0:1]:43330]: Connected via websocket
[16:39:18] [Netty epoll Worker #2/INFO] [eaglerxvelocity]: [/[0:0:0:0:0:0:0:1]:43330]: Origin header is https://miniature-space-guide-4j699xw579vph575v-8081.app.github.dev
[16:39:18] [Netty epoll Worker #2/INFO] [eaglerxvelocity]: [connected player] ImmortalityDemon (/[0:0:0:0:0:0:0:1]:43330) has connected
[16:39:18] [Netty epoll Worker #2/INFO] [com.velocitypowered.proxy.connection.MinecraftConnection]: [server connection] ImmortalityDemon -> lobby has connected
[16:41:56] [Netty epoll Worker #2/INFO] [com.velocitypowered.proxy.connection.MinecraftConnection]: [connected player] ImmortalityDemon (/[0:0:0:0:0:0:0:1]:43330) has disconnected
[16:41:56] [Netty epoll Worker #2/INFO] [com.velocitypowered.proxy.connection.MinecraftConnection]: [server connection] ImmortalityDemon -> lobby has disconnected
[16:42:24] [Netty epoll Worker #0/INFO] [com.velocitypowered.proxy.connection.MinecraftConnection]: [connected player] Timothy_speed (/[0:0:0:0:0:0:0:1]:33242) has disconnected
[16:42:24] [Netty epoll Worker #0/INFO] [com.velocitypowered.proxy.connection.MinecraftConnection]: [server connection] Timothy_speed -> lobby has disconnected
[16:46:58] [Netty epoll Worker #0/INFO] [eaglerxvelocity]: [/[0:0:0:0:0:0:0:1]:41864]: Connected via websocket
[16:46:58] [Netty epoll Worker #0/INFO] [eaglerxvelocity]: [/[0:0:0:0:0:0:0:1]:41864]: Origin header is https://devjakob.webs.vc
[16:46:59] [Netty epoll Worker #0/INFO] [eaglerxvelocity]: [connected player] Timothy_speed (/[0:0:0:0:0:0:0:1]:41864) has connected
[16:46:59] [Netty epoll Worker #0/INFO] [com.velocitypowered.proxy.connection.MinecraftConnection]: [server connection] Timothy_speed -> lobby has connected
[17:02:31] [Netty epoll Worker #3/INFO] [com.velocitypowered.proxy.connection.MinecraftConnection]: [connected player] Nightmare___ (/[0:0:0:0:0:0:0:1]:54220) has disconnected
[17:02:31] [Netty epoll Worker #3/INFO] [com.velocitypowered.proxy.connection.MinecraftConnection]: [server connection] Nightmare___ -> lobby has disconnected
[17:07:50] [Netty epoll Worker #2/INFO] [eaglerxvelocity]: [/[0:0:0:0:0:0:0:1]:51874]: Connected via websocket
[17:07:50] [Netty epoll Worker #2/INFO] [eaglerxvelocity]: [/[0:0:0:0:0:0:0:1]:51874]: Origin header is https://miniature-space-guide-4j699xw579vph575v-8081.app.github.dev
[17:07:50] [Netty epoll Worker #2/INFO] [eaglerxvelocity]: [connected player] ImmortalityDemon (/[0:0:0:0:0:0:0:1]:51874) has connected
[17:07:50] [Netty epoll Worker #2/INFO] [com.velocitypowered.proxy.connection.MinecraftConnection]: [server connection] ImmortalityDemon -> lobby has connected
[17:08:00] [Netty epoll Worker #2/INFO] [com.velocitypowered.proxy.connection.MinecraftConnection]: [connected player] ImmortalityDemon (/[0:0:0:0:0:0:0:1]:51874) has disconnected
[17:08:00] [Netty epoll Worker #2/INFO] [com.velocitypowered.proxy.connection.MinecraftConnection]: [server connection] ImmortalityDemon -> lobby has disconnected
[17:14:55] [Netty epoll Worker #1/INFO] [eaglerxvelocity]: [/[0:0:0:0:0:0:0:1]:39272]: Connected via websocket
[17:14:55] [Netty epoll Worker #1/INFO] [eaglerxvelocity]: [/[0:0:0:0:0:0:0:1]:39272]: Origin header is https://devjakob.webs.vc
[17:14:56] [Netty epoll Worker #1/INFO] [eaglerxvelocity]: [connected player] Nightmare___ (/[0:0:0:0:0:0:0:1]:39272) has connected
[17:14:56] [Netty epoll Worker #1/INFO] [com.velocitypowered.proxy.connection.MinecraftConnection]: [server connection] Nightmare___ -> lobby has connected
[17:16:42] [Netty epoll Worker #0/INFO] [com.velocitypowered.proxy.connection.client.ConnectedPlayer]: [connected player] Timothy_speed (/[0:0:0:0:0:0:0:1]:41864) has disconnected: An internal error occurred in your connection.
[17:16:42] [Netty epoll Worker #0/ERROR] [com.velocitypowered.proxy.connection.MinecraftConnection]: [connected player] Timothy_speed (/[0:0:0:0:0:0:0:1]:41864): read timed out
[17:16:42] [Netty epoll Worker #0/INFO] [com.velocitypowered.proxy.connection.MinecraftConnection]: [server connection] Timothy_speed -> lobby has disconnected
[17:17:30] [Netty epoll Worker #3/INFO] [eaglerxvelocity]: [/[0:0:0:0:0:0:0:1]:44858]: Connected via websocket
[17:17:30] [Netty epoll Worker #3/INFO] [eaglerxvelocity]: [/[0:0:0:0:0:0:0:1]:44858]: Origin header is https://devjakob.webs.vc
[17:17:30] [Netty epoll Worker #3/INFO] [eaglerxvelocity]: [connected player] Timothy_speed (/[0:0:0:0:0:0:0:1]:44858) has connected
[17:17:30] [Netty epoll Worker #3/INFO] [com.velocitypowered.proxy.connection.MinecraftConnection]: [server connection] Timothy_speed -> lobby has connected
[17:38:42] [Netty epoll Worker #3/INFO] [com.velocitypowered.proxy.connection.MinecraftConnection]: [connected player] Timothy_speed (/[0:0:0:0:0:0:0:1]:44858) has disconnected
[17:38:42] [Netty epoll Worker #3/INFO] [com.velocitypowered.proxy.connection.MinecraftConnection]: [server connection] Timothy_speed -> lobby has disconnected
[17:39:04] [Netty epoll Worker #1/INFO] [eaglerxvelocity]: [/[0:0:0:0:0:0:0:1]:37738]: Connected via websocket
[17:39:04] [Netty epoll Worker #1/INFO] [eaglerxvelocity]: [/[0:0:0:0:0:0:0:1]:37738]: Origin header is https://devjakob.webs.vc
[17:39:05] [Netty epoll Worker #1/INFO] [eaglerxvelocity]: [connected player] Timothy_speed (/[0:0:0:0:0:0:0:1]:37738) has connected
[17:39:05] [Netty epoll Worker #1/INFO] [com.velocitypowered.proxy.connection.MinecraftConnection]: [server connection] Timothy_speed -> lobby has connected
[17:41:18] [Netty epoll Worker #1/INFO] [com.velocitypowered.proxy.connection.client.ConnectedPlayer]: [connected player] Nightmare___ (/[0:0:0:0:0:0:0:1]:39272) has disconnected: An internal error occurred in your connection.
[17:41:18] [Netty epoll Worker #1/ERROR] [com.velocitypowered.proxy.connection.MinecraftConnection]: [connected player] Nightmare___ (/[0:0:0:0:0:0:0:1]:39272): read timed out
[17:41:18] [Netty epoll Worker #1/INFO] [com.velocitypowered.proxy.connection.MinecraftConnection]: [server connection] Nightmare___ -> lobby has disconnected
[17:45:03] [Netty epoll Worker #2/INFO] [eaglerxvelocity]: [/[0:0:0:0:0:0:0:1]:59848]: Connected via websocket
[17:45:03] [Netty epoll Worker #2/INFO] [eaglerxvelocity]: [/[0:0:0:0:0:0:0:1]:59848]: Origin header is https://miniature-space-guide-4j699xw579vph575v-8081.app.github.dev
[17:45:03] [Netty epoll Worker #2/INFO] [eaglerxvelocity]: [connected player] ImmortalityDemon (/[0:0:0:0:0:0:0:1]:59848) has connected
[17:45:03] [Netty epoll Worker #2/INFO] [com.velocitypowered.proxy.connection.MinecraftConnection]: [server connection] ImmortalityDemon -> lobby has connected
[17:45:03] [Netty epoll Worker #2/INFO] [com.velocitypowered.proxy.connection.MinecraftConnection]: [connected player] ImmortalityDemon (/[0:0:0:0:0:0:0:1]:59848) has disconnected
[17:45:03] [Netty epoll Worker #2/INFO] [com.velocitypowered.proxy.connection.MinecraftConnection]: [server connection] ImmortalityDemon -> lobby has disconnected
[17:46:41] [Netty epoll Worker #1/INFO] [eaglerxvelocity]: [/[0:0:0:0:0:0:0:1]:46202]: Connected via websocket
[17:46:41] [Netty epoll Worker #1/INFO] [eaglerxvelocity]: [/[0:0:0:0:0:0:0:1]:46202]: Origin header is https://miniature-space-guide-4j699xw579vph575v-8081.app.github.dev
[17:46:41] [Netty epoll Worker #1/INFO] [eaglerxvelocity]: [connected player] ImmortalityDemon (/[0:0:0:0:0:0:0:1]:46202) has connected
[17:46:41] [Netty epoll Worker #1/INFO] [com.velocitypowered.proxy.connection.MinecraftConnection]: [server connection] ImmortalityDemon -> lobby has connected
[17:47:24] [Netty epoll Worker #1/INFO] [com.velocitypowered.proxy.connection.MinecraftConnection]: [connected player] ImmortalityDemon (/[0:0:0:0:0:0:0:1]:46202) has disconnected
[17:47:24] [Netty epoll Worker #1/INFO] [com.velocitypowered.proxy.connection.MinecraftConnection]: [server connection] ImmortalityDemon -> lobby has disconnected
[17:49:29] [Netty epoll Worker #0/INFO] [eaglerxvelocity]: [/[0:0:0:0:0:0:0:1]:50498]: Connected via websocket
[17:49:29] [Netty epoll Worker #0/INFO] [eaglerxvelocity]: [/[0:0:0:0:0:0:0:1]:50498]: Origin header is https://devjakob.webs.vc
[17:49:29] [Netty epoll Worker #0/INFO] [eaglerxvelocity]: [connected player] Nightmare___ (/[0:0:0:0:0:0:0:1]:50498) has connected
[17:49:29] [Netty epoll Worker #0/INFO] [com.velocitypowered.proxy.connection.MinecraftConnection]: [server connection] Nightmare___ -> lobby has connected
[17:49:36] [Netty epoll Worker #2/INFO] [eaglerxvelocity]: [/[0:0:0:0:0:0:0:1]:42762]: Connected via websocket
[17:49:36] [Netty epoll Worker #2/INFO] [eaglerxvelocity]: [/[0:0:0:0:0:0:0:1]:42762]: Origin header is null
[17:49:37] [Netty epoll Worker #2/INFO] [eaglerxvelocity]: [connected player] Mugmm_ (/[0:0:0:0:0:0:0:1]:42762) has connected
[17:49:37] [Netty epoll Worker #2/INFO] [com.velocitypowered.proxy.connection.MinecraftConnection]: [server connection] Mugmm_ -> lobby has connected
[17:50:54] [Netty epoll Worker #2/INFO] [com.velocitypowered.proxy.connection.MinecraftConnection]: [connected player] Mugmm_ (/[0:0:0:0:0:0:0:1]:42762) has disconnected
[17:50:54] [Netty epoll Worker #2/INFO] [com.velocitypowered.proxy.connection.MinecraftConnection]: [server connection] Mugmm_ -> lobby has disconnected
[17:56:23] [Netty epoll Worker #0/INFO] [com.velocitypowered.proxy.connection.MinecraftConnection]: [connected player] Nightmare___ (/[0:0:0:0:0:0:0:1]:50498) has disconnected
[17:56:23] [Netty epoll Worker #0/INFO] [com.velocitypowered.proxy.connection.MinecraftConnection]: [server connection] Nightmare___ -> lobby has disconnected
[18:02:36] [Netty epoll Worker #1/INFO] [com.velocitypowered.proxy.connection.MinecraftConnection]: [connected player] Timothy_speed (/[0:0:0:0:0:0:0:1]:37738) has disconnected
[18:02:36] [Netty epoll Worker #1/INFO] [com.velocitypowered.proxy.connection.MinecraftConnection]: [server connection] Timothy_speed -> lobby has disconnected
[18:03:02] [Netty epoll Worker #2/INFO] [eaglerxvelocity]: [/[0:0:0:0:0:0:0:1]:43932]: Connected via websocket
[18:03:02] [Netty epoll Worker #2/INFO] [eaglerxvelocity]: [/[0:0:0:0:0:0:0:1]:43932]: Origin header is https://devjakob.webs.vc
[18:03:02] [Netty epoll Worker #2/INFO] [eaglerxvelocity]: [connected player] Timothy_speed (/[0:0:0:0:0:0:0:1]:43932) has connected
[18:03:02] [Netty epoll Worker #2/INFO] [com.velocitypowered.proxy.connection.MinecraftConnection]: [server connection] Timothy_speed -> lobby has connected
[18:03:58] [Netty epoll Worker #2/INFO] [com.velocitypowered.proxy.connection.MinecraftConnection]: [connected player] Timothy_speed (/[0:0:0:0:0:0:0:1]:43932) has disconnected
[18:03:58] [Netty epoll Worker #2/INFO] [com.velocitypowered.proxy.connection.MinecraftConnection]: [server connection] Timothy_speed -> lobby has disconnected
[18:04:01] [Netty epoll Worker #3/INFO] [com.velocitypowered.proxy.connection.MinecraftConnection]: [connected player] MurkeyH2O (/[0:0:0:0:0:0:0:1]:39050) has disconnected
[18:04:01] [Netty epoll Worker #3/INFO] [com.velocitypowered.proxy.connection.MinecraftConnection]: [server connection] MurkeyH2O -> lobby has disconnected
